<?xml version="1.0" encoding="utf-8"?><testsuites><testsuite name="pytest" errors="0" failures="0" skipped="0" tests="46" time="9.696" timestamp="2026-09-10T01:38:11.486065" hostname="victor-ThinkPad-W541"><testcase classname="tests.test_pinned_wetting" name="test_positive_fixture_is_explicitly_synthetic" time="0.005" /><testcase classname="tests.test_pinned_wetting" name="test_required_negative_cases[H_decreases-decreasing_memory]" time="0.002" /><testcase classname="tests.test_pinned_wetting" name="test_required_negative_cases[H_without_reach-memory_without_reach]" time="0.002" /><testcase classname="tests.test_pinned_wetting" name="test_required_negative_cases[P2_moves-marker_moved]" time="0.003" /><testcase classname="tests.test_pinned_wetting" name="test_required_negative_cases[P3_disappears-marker_disappeared]" time="0.004" /><testcase classname="tests.test_pinned_wetting" name="test_required_negative_cases[dry_hole-dry_hole_in_W]" time="0.002" /><testcase classname="tests.test_pinned_wetting" name="test_required_negative_cases[curved_initial-initial_not_straight]" time="0.002" /><testcase classname="tests.test_pinned_wetting" name="test_required_negative_cases[extrapolated_contact-invalid_contact_method]" time="0.002" /><testcase classname="tests.test_pinned_wetting" name="test_required_negative_cases[mixed_run-mixed_run_ids]" time="0.002" /><testcase classname="tests.test_pinned_wetting" name="test_required_negative_cases[mixed_physics-mixed_physics]" time="0.004" /><testcase classname="tests.test_pinned_wetting" name="test_required_negative_cases[missing_t5-missing_final_solver_time]" time="0.002" /><testcase classname="tests.test_pinned_wetting" name="test_required_negative_cases[lost_inner_peak-missed_detector_peak]" time="0.002" /><testcase classname="tests.test_pinned_wetting" name="test_required_negative_cases[render_state_disagrees-render_memory_mismatch]" time="0.002" /><testcase classname="tests.test_pinned_wetting" name="test_required_negative_cases[synthetic_scientific-synthetic_claimed_scientific]" time="0.002" /><testcase classname="tests.test_pinned_wetting" name="test_required_negative_cases[rejected_state-rejected_state_in_history]" time="0.002" /><testcase classname="tests.test_pinned_wetting" name="test_connected_retained_state_and_immutable_ids" time="0.004" /><testcase classname="tests.test_pinned_wetting" name="test_real_checkpoint_continuation" time="0.565" /><testcase classname="tests.test_pinned_wetting" name="test_independent_zero_disturbance_equilibrium" time="0.057" /><testcase classname="tests.test_pinned_wetting" name="test_existing_job_lock_prevents_duplicate" time="0.001" /><testcase classname="tests.test_pinned_wetting" name="test_reproducible_two_path_blocker" time="0.062" /><testcase classname="tests.test_pinned_wetting_artifacts" name="test_real_export_semantic_corruption[track-marker_tracks_not_native]" time="0.931" /><testcase classname="tests.test_pinned_wetting_artifacts" name="test_real_export_semantic_corruption[catalog_and_render-marker_catalog_not_native]" time="0.805" /><testcase classname="tests.test_pinned_wetting_artifacts" name="test_real_export_semantic_corruption[surface_x-surface_coordinate_or_state_map]" time="0.956" /><testcase classname="tests.test_pinned_wetting_artifacts" name="test_real_export_semantic_corruption[surface_state-surface_coordinate_or_state_map]" time="0.925" /><testcase classname="tests.test_pinned_wetting_artifacts" name="test_real_export_semantic_corruption[refinement_run-mixed_run_ids]" time="0.762" /><testcase classname="tests.test_pinned_wetting_artifacts" name="test_real_export_semantic_corruption[refinement_physics-mixed_physics]" time="0.852" /><testcase classname="tests.test_pinned_wetting_artifacts" name="test_real_export_semantic_corruption[frame_time-frame_time_vs_native]" time="0.813" /><testcase classname="tests.test_pinned_wetting_artifacts" name="test_real_export_semantic_corruption[frame_axes-moving_render_axes]" time="0.870" /><testcase classname="tests.test_pinned_wetting_artifacts" name="test_real_export_semantic_corruption[source_relabel-manifest_native_identity]" time="0.867" /><testcase classname="tests.test_pinned_wetting_artifacts" name="test_real_export_semantic_corruption[lost_track-marker_tracks_not_native]" time="0.988" /><testcase classname=".WettingTests" name="test_decrease" time="0.003" /><testcase classname=".WettingTests" name="test_duplicate_marker" time="0.002" /><testcase classname=".WettingTests" name="test_initial_point_wrong" time="0.002" /><testcase classname=".WettingTests" name="test_internal_peak_retained" time="0.002" /><testcase classname=".WettingTests" name="test_invented_rise" time="0.002" /><testcase classname=".WettingTests" name="test_marker_disappears" time="0.003" /><testcase classname=".WettingTests" name="test_marker_moves" time="0.002" /><testcase classname=".WettingTests" name="test_nan" time="0.001" /><testcase classname=".WettingTests" name="test_no_new_record_is_valid" time="0.002" /><testcase classname=".WettingTests" name="test_not_physical_certification" time="0.002" /><testcase classname=".WettingTests" name="test_reach_below_R" time="0.002" /><testcase classname=".WettingTests" name="test_right_new_record_does_not_move_p2" time="0.002" /><testcase classname=".WettingTests" name="test_same_time_twice" time="0.001" /><testcase classname=".WettingTests" name="test_short_horizon" time="0.001" /><testcase classname=".WettingTests" name="test_source_id_mismatch" time="0.002" /><testcase classname=".WettingTests" name="test_valid" time="0.003" /></testsuite></testsuites>